<?xml version="1.0" encoding="UTF-8"?>
<testsuite xmlns:xsi="http://www.w3.org/2001/XMLSchema-instance" xsi:noNamespaceSchemaLocation="https://maven.apache.org/surefire/maven-surefire-plugin/xsd/surefire-test-report-3.0.xsd" version="3.0" name="uz.market.uzum.controllers.DocumentControllerTest" time="0.374" tests="10" errors="0" skipped="3" failures="1">
  <properties>
    <property name="java.specification.version" value="17"/>
    <property name="sun.jnu.encoding" value="UTF-8"/>
    <property name="java.class.path" value="/home/elshod/Documents/javacourse/Git/group/UzumMarket/target/test-classes:/home/elshod/Documents/javacourse/Git/group/UzumMarket/target/classes:/home/elshod/.m2/repository/org/springframework/boot/spring-boot-starter-data-jdbc/3.0.6/spring-boot-starter-data-jdbc-3.0.6.jar:/home/elshod/.m2/repository/org/springframework/data/spring-data-jdbc/3.0.5/spring-data-jdbc-3.0.5.jar:/home/elshod/.m2/repository/org/springframework/data/spring-data-relational/3.0.5/spring-data-relational-3.0.5.jar:/home/elshod/.m2/repository/org/springframework/data/spring-data-commons/3.0.5/spring-data-commons-3.0.5.jar:/home/elshod/.m2/repository/org/springframework/spring-tx/6.0.8/spring-tx-6.0.8.jar:/home/elshod/.m2/repository/org/springframework/spring-context/6.0.8/spring-context-6.0.8.jar:/home/elshod/.m2/repository/org/springframework/spring-beans/6.0.8/spring-beans-6.0.8.jar:/home/elshod/.m2/repository/org/springframework/boot/spring-boot-starter-data-jpa/3.0.6/spring-boot-starter-data-jpa-3.0.6.jar:/home/elshod/.m2/repository/org/springframework/boot/spring-boot-starter-aop/3.0.6/spring-boot-starter-aop-3.0.6.jar:/home/elshod/.m2/repository/org/aspectj/aspectjweaver/1.9.19/aspectjweaver-1.9.19.jar:/home/elshod/.m2/repository/org/hibernate/orm/hibernate-core/6.1.7.Final/hibernate-core-6.1.7.Final.jar:/home/elshod/.m2/repository/jakarta/persistence/jakarta.persistence-api/3.1.0/jakarta.persistence-api-3.1.0.jar:/home/elshod/.m2/repository/jakarta/transaction/jakarta.transaction-api/2.0.1/jakarta.transaction-api-2.0.1.jar:/home/elshod/.m2/repository/org/hibernate/common/hibernate-commons-annotations/6.0.6.Final/hibernate-commons-annotations-6.0.6.Final.jar:/home/elshod/.m2/repository/org/jboss/jandex/2.4.2.Final/jandex-2.4.2.Final.jar:/home/elshod/.m2/repository/org/glassfish/jaxb/jaxb-runtime/4.0.2/jaxb-runtime-4.0.2.jar:/home/elshod/.m2/repository/org/glassfish/jaxb/jaxb-core/4.0.2/jaxb-core-4.0.2.jar:/home/elshod/.m2/repository/org/eclipse/angus/angus-activation/2.0.0/angus-activation-2.0.0.jar:/home/elshod/.m2/repository/org/glassfish/jaxb/txw2/4.0.2/txw2-4.0.2.jar:/home/elshod/.m2/repository/com/sun/istack/istack-commons-runtime/4.1.1/istack-commons-runtime-4.1.1.jar:/home/elshod/.m2/repository/jakarta/inject/jakarta.inject-api/2.0.0/jakarta.inject-api-2.0.0.jar:/home/elshod/.m2/repository/org/antlr/antlr4-runtime/4.10.1/antlr4-runtime-4.10.1.jar:/home/elshod/.m2/repository/org/springframework/data/spring-data-jpa/3.0.5/spring-data-jpa-3.0.5.jar:/home/elshod/.m2/repository/org/springframework/spring-orm/6.0.8/spring-orm-6.0.8.jar:/home/elshod/.m2/repository/jakarta/annotation/jakarta.annotation-api/2.1.1/jakarta.annotation-api-2.1.1.jar:/home/elshod/.m2/repository/org/springframework/spring-aspects/6.0.8/spring-aspects-6.0.8.jar:/home/elshod/.m2/repository/org/springframework/boot/spring-boot-starter-jdbc/3.0.6/spring-boot-starter-jdbc-3.0.6.jar:/home/elshod/.m2/repository/org/springframework/boot/spring-boot-starter/3.0.6/spring-boot-starter-3.0.6.jar:/home/elshod/.m2/repository/org/springframework/boot/spring-boot-starter-logging/3.0.6/spring-boot-starter-logging-3.0.6.jar:/home/elshod/.m2/repository/ch/qos/logback/logback-classic/1.4.7/logback-classic-1.4.7.jar:/home/elshod/.m2/repository/ch/qos/logback/logback-core/1.4.7/logback-core-1.4.7.jar:/home/elshod/.m2/repository/org/apache/logging/log4j/log4j-to-slf4j/2.19.0/log4j-to-slf4j-2.19.0.jar:/home/elshod/.m2/repository/org/apache/logging/log4j/log4j-api/2.19.0/log4j-api-2.19.0.jar:/home/elshod/.m2/repository/org/slf4j/jul-to-slf4j/2.0.7/jul-to-slf4j-2.0.7.jar:/home/elshod/.m2/repository/org/yaml/snakeyaml/1.33/snakeyaml-1.33.jar:/home/elshod/.m2/repository/com/zaxxer/HikariCP/5.0.1/HikariCP-5.0.1.jar:/home/elshod/.m2/repository/org/springframework/spring-jdbc/6.0.8/spring-jdbc-6.0.8.jar:/home/elshod/.m2/repository/org/springframework/boot/spring-boot-starter-security/3.0.6/spring-boot-starter-security-3.0.6.jar:/home/elshod/.m2/repository/org/springframework/spring-aop/6.0.8/spring-aop-6.0.8.jar:/home/elshod/.m2/repository/org/springframework/security/spring-security-config/6.0.3/spring-security-config-6.0.3.jar:/home/elshod/.m2/repository/org/springframework/security/spring-security-web/6.0.3/spring-security-web-6.0.3.jar:/home/elshod/.m2/repository/org/springframework/spring-expression/6.0.8/spring-expression-6.0.8.jar:/home/elshod/.m2/repository/org/springframework/boot/spring-boot-starter-validation/3.0.6/spring-boot-starter-validation-3.0.6.jar:/home/elshod/.m2/repository/org/apache/tomcat/embed/tomcat-embed-el/10.1.8/tomcat-embed-el-10.1.8.jar:/home/elshod/.m2/repository/org/springframework/boot/spring-boot-starter-web/3.0.6/spring-boot-starter-web-3.0.6.jar:/home/elshod/.m2/repository/org/springframework/boot/spring-boot-starter-json/3.0.6/spring-boot-starter-json-3.0.6.jar:/home/elshod/.m2/repository/com/fasterxml/jackson/datatype/jackson-datatype-jdk8/2.14.2/jackson-datatype-jdk8-2.14.2.jar:/home/elshod/.m2/repository/com/fasterxml/jackson/module/jackson-module-parameter-names/2.14.2/jackson-module-parameter-names-2.14.2.jar:/home/elshod/.m2/repository/org/springframework/boot/spring-boot-starter-tomcat/3.0.6/spring-boot-starter-tomcat-3.0.6.jar:/home/elshod/.m2/repository/org/apache/tomcat/embed/tomcat-embed-core/10.1.8/tomcat-embed-core-10.1.8.jar:/home/elshod/.m2/repository/org/apache/tomcat/embed/tomcat-embed-websocket/10.1.8/tomcat-embed-websocket-10.1.8.jar:/home/elshod/.m2/repository/org/springframework/spring-web/6.0.8/spring-web-6.0.8.jar:/home/elshod/.m2/repository/org/springframework/spring-webmvc/6.0.8/spring-webmvc-6.0.8.jar:/home/elshod/.m2/repository/org/springframework/boot/spring-boot-starter-data-redis/3.0.6/spring-boot-starter-data-redis-3.0.6.jar:/home/elshod/.m2/repository/org/springframework/data/spring-data-redis/3.0.5/spring-data-redis-3.0.5.jar:/home/elshod/.m2/repository/org/springframework/data/spring-data-keyvalue/3.0.5/spring-data-keyvalue-3.0.5.jar:/home/elshod/.m2/repository/org/springframework/spring-oxm/6.0.8/spring-oxm-6.0.8.jar:/home/elshod/.m2/repository/org/springframework/spring-context-support/6.0.8/spring-context-support-6.0.8.jar:/home/elshod/.m2/repository/io/lettuce/lettuce-core/6.2.4.RELEASE/lettuce-core-6.2.4.RELEASE.jar:/home/elshod/.m2/repository/io/netty/netty-common/4.1.91.Final/netty-common-4.1.91.Final.jar:/home/elshod/.m2/repository/io/netty/netty-handler/4.1.91.Final/netty-handler-4.1.91.Final.jar:/home/elshod/.m2/repository/io/netty/netty-resolver/4.1.91.Final/netty-resolver-4.1.91.Final.jar:/home/elshod/.m2/repository/io/netty/netty-buffer/4.1.91.Final/netty-buffer-4.1.91.Final.jar:/home/elshod/.m2/repository/io/netty/netty-transport-native-unix-common/4.1.91.Final/netty-transport-native-unix-common-4.1.91.Final.jar:/home/elshod/.m2/repository/io/netty/netty-codec/4.1.91.Final/netty-codec-4.1.91.Final.jar:/home/elshod/.m2/repository/io/netty/netty-transport/4.1.91.Final/netty-transport-4.1.91.Final.jar:/home/elshod/.m2/repository/io/projectreactor/reactor-core/3.5.5/reactor-core-3.5.5.jar:/home/elshod/.m2/repository/org/reactivestreams/reactive-streams/1.0.4/reactive-streams-1.0.4.jar:/home/elshod/.m2/repository/org/springframework/boot/spring-boot-devtools/3.0.6/spring-boot-devtools-3.0.6.jar:/home/elshod/.m2/repository/org/springframework/boot/spring-boot/3.0.6/spring-boot-3.0.6.jar:/home/elshod/.m2/repository/org/springframework/boot/spring-boot-autoconfigure/3.0.6/spring-boot-autoconfigure-3.0.6.jar:/home/elshod/.m2/repository/org/postgresql/postgresql/42.5.4/postgresql-42.5.4.jar:/home/elshod/.m2/repository/org/checkerframework/checker-qual/3.5.0/checker-qual-3.5.0.jar:/home/elshod/.m2/repository/org/springframework/boot/spring-boot-configuration-processor/3.0.6/spring-boot-configuration-processor-3.0.6.jar:/home/elshod/.m2/repository/com/github/pengrad/java-telegram-bot-api/6.6.1/java-telegram-bot-api-6.6.1.jar:/home/elshod/.m2/repository/com/google/code/gson/gson/2.9.1/gson-2.9.1.jar:/home/elshod/.m2/repository/com/squareup/okhttp3/okhttp/4.10.0/okhttp-4.10.0.jar:/home/elshod/.m2/repository/com/squareup/okio/okio-jvm/3.0.0/okio-jvm-3.0.0.jar:/home/elshod/.m2/repository/org/jetbrains/kotlin/kotlin-stdlib-common/1.7.22/kotlin-stdlib-common-1.7.22.jar:/home/elshod/.m2/repository/org/jetbrains/kotlin/kotlin-stdlib/1.7.22/kotlin-stdlib-1.7.22.jar:/home/elshod/.m2/repository/org/jetbrains/annotations/13.0/annotations-13.0.jar:/home/elshod/.m2/repository/com/squareup/okhttp3/logging-interceptor/4.10.0/logging-interceptor-4.10.0.jar:/home/elshod/.m2/repository/org/jetbrains/kotlin/kotlin-stdlib-jdk8/1.7.22/kotlin-stdlib-jdk8-1.7.22.jar:/home/elshod/.m2/repository/org/jetbrains/kotlin/kotlin-stdlib-jdk7/1.7.22/kotlin-stdlib-jdk7-1.7.22.jar:/home/elshod/.m2/repository/com/google/zxing/core/3.3.0/core-3.3.0.jar:/home/elshod/.m2/repository/com/google/zxing/javase/3.3.0/javase-3.3.0.jar:/home/elshod/.m2/repository/com/beust/jcommander/1.48/jcommander-1.48.jar:/home/elshod/.m2/repository/com/github/jai-imageio/jai-imageio-core/1.3.1/jai-imageio-core-1.3.1.jar:/home/elshod/.m2/repository/org/projectlombok/lombok/1.18.26/lombok-1.18.26.jar:/home/elshod/.m2/repository/org/springframework/boot/spring-boot-starter-test/3.0.6/spring-boot-starter-test-3.0.6.jar:/home/elshod/.m2/repository/org/springframework/boot/spring-boot-test/3.0.6/spring-boot-test-3.0.6.jar:/home/elshod/.m2/repository/org/springframework/boot/spring-boot-test-autoconfigure/3.0.6/spring-boot-test-autoconfigure-3.0.6.jar:/home/elshod/.m2/repository/com/jayway/jsonpath/json-path/2.7.0/json-path-2.7.0.jar:/home/elshod/.m2/repository/net/minidev/json-smart/2.4.10/json-smart-2.4.10.jar:/home/elshod/.m2/repository/net/minidev/accessors-smart/2.4.9/accessors-smart-2.4.9.jar:/home/elshod/.m2/repository/org/ow2/asm/asm/9.3/asm-9.3.jar:/home/elshod/.m2/repository/jakarta/xml/bind/jakarta.xml.bind-api/4.0.0/jakarta.xml.bind-api-4.0.0.jar:/home/elshod/.m2/repository/jakarta/activation/jakarta.activation-api/2.1.1/jakarta.activation-api-2.1.1.jar:/home/elshod/.m2/repository/org/assertj/assertj-core/3.23.1/assertj-core-3.23.1.jar:/home/elshod/.m2/repository/org/hamcrest/hamcrest/2.2/hamcrest-2.2.jar:/home/elshod/.m2/repository/org/junit/jupiter/junit-jupiter/5.9.2/junit-jupiter-5.9.2.jar:/home/elshod/.m2/repository/org/skyscreamer/jsonassert/1.5.1/jsonassert-1.5.1.jar:/home/elshod/.m2/repository/com/vaadin/external/google/android-json/0.0.20131108.vaadin1/android-json-0.0.20131108.vaadin1.jar:/home/elshod/.m2/repository/org/springframework/spring-core/6.0.8/spring-core-6.0.8.jar:/home/elshod/.m2/repository/org/springframework/spring-jcl/6.0.8/spring-jcl-6.0.8.jar:/home/elshod/.m2/repository/org/springframework/spring-test/6.0.8/spring-test-6.0.8.jar:/home/elshod/.m2/repository/org/xmlunit/xmlunit-core/2.9.1/xmlunit-core-2.9.1.jar:/home/elshod/.m2/repository/org/springframework/security/spring-security-test/6.0.3/spring-security-test-6.0.3.jar:/home/elshod/.m2/repository/org/springframework/security/spring-security-core/6.0.3/spring-security-core-6.0.3.jar:/home/elshod/.m2/repository/org/springframework/security/spring-security-crypto/6.0.3/spring-security-crypto-6.0.3.jar:/home/elshod/.m2/repository/io/jsonwebtoken/jjwt-api/0.11.5/jjwt-api-0.11.5.jar:/home/elshod/.m2/repository/io/jsonwebtoken/jjwt-impl/0.11.5/jjwt-impl-0.11.5.jar:/home/elshod/.m2/repository/io/jsonwebtoken/jjwt-jackson/0.11.5/jjwt-jackson-0.11.5.jar:/home/elshod/.m2/repository/com/fasterxml/jackson/core/jackson-databind/2.14.2/jackson-databind-2.14.2.jar:/home/elshod/.m2/repository/com/fasterxml/jackson/dataformat/jackson-dataformat-xml/2.14.2/jackson-dataformat-xml-2.14.2.jar:/home/elshod/.m2/repository/com/fasterxml/jackson/core/jackson-core/2.14.2/jackson-core-2.14.2.jar:/home/elshod/.m2/repository/com/fasterxml/jackson/core/jackson-annotations/2.14.2/jackson-annotations-2.14.2.jar:/home/elshod/.m2/repository/org/codehaus/woodstox/stax2-api/4.2.1/stax2-api-4.2.1.jar:/home/elshod/.m2/repository/com/fasterxml/woodstox/woodstox-core/6.5.0/woodstox-core-6.5.0.jar:/home/elshod/.m2/repository/org/mapstruct/mapstruct/1.5.3.Final/mapstruct-1.5.3.Final.jar:/home/elshod/.m2/repository/org/mapstruct/mapstruct-processor/1.5.3.Final/mapstruct-processor-1.5.3.Final.jar:/home/elshod/.m2/repository/org/springframework/boot/spring-boot-starter-actuator/3.0.5/spring-boot-starter-actuator-3.0.5.jar:/home/elshod/.m2/repository/org/springframework/boot/spring-boot-actuator-autoconfigure/3.0.6/spring-boot-actuator-autoconfigure-3.0.6.jar:/home/elshod/.m2/repository/org/springframework/boot/spring-boot-actuator/3.0.6/spring-boot-actuator-3.0.6.jar:/home/elshod/.m2/repository/io/micrometer/micrometer-observation/1.10.6/micrometer-observation-1.10.6.jar:/home/elshod/.m2/repository/io/micrometer/micrometer-commons/1.10.6/micrometer-commons-1.10.6.jar:/home/elshod/.m2/repository/io/micrometer/micrometer-core/1.10.6/micrometer-core-1.10.6.jar:/home/elshod/.m2/repository/org/hdrhistogram/HdrHistogram/2.1.12/HdrHistogram-2.1.12.jar:/home/elshod/.m2/repository/org/latencyutils/LatencyUtils/2.0.3/LatencyUtils-2.0.3.jar:/home/elshod/.m2/repository/org/springdoc/springdoc-openapi-starter-webmvc-ui/2.1.0/springdoc-openapi-starter-webmvc-ui-2.1.0.jar:/home/elshod/.m2/repository/org/springdoc/springdoc-openapi-starter-webmvc-api/2.1.0/springdoc-openapi-starter-webmvc-api-2.1.0.jar:/home/elshod/.m2/repository/org/springdoc/springdoc-openapi-starter-common/2.1.0/springdoc-openapi-starter-common-2.1.0.jar:/home/elshod/.m2/repository/io/swagger/core/v3/swagger-core-jakarta/2.2.9/swagger-core-jakarta-2.2.9.jar:/home/elshod/.m2/repository/org/apache/commons/commons-lang3/3.12.0/commons-lang3-3.12.0.jar:/home/elshod/.m2/repository/io/swagger/core/v3/swagger-annotations-jakarta/2.2.9/swagger-annotations-jakarta-2.2.9.jar:/home/elshod/.m2/repository/io/swagger/core/v3/swagger-models-jakarta/2.2.9/swagger-models-jakarta-2.2.9.jar:/home/elshod/.m2/repository/com/fasterxml/jackson/dataformat/jackson-dataformat-yaml/2.14.2/jackson-dataformat-yaml-2.14.2.jar:/home/elshod/.m2/repository/org/webjars/swagger-ui/4.18.2/swagger-ui-4.18.2.jar:/home/elshod/.m2/repository/org/springdoc/springdoc-openapi-ui/1.7.0/springdoc-openapi-ui-1.7.0.jar:/home/elshod/.m2/repository/org/springdoc/springdoc-openapi-webmvc-core/1.7.0/springdoc-openapi-webmvc-core-1.7.0.jar:/home/elshod/.m2/repository/org/springdoc/springdoc-openapi-common/1.7.0/springdoc-openapi-common-1.7.0.jar:/home/elshod/.m2/repository/io/swagger/core/v3/swagger-core/2.2.9/swagger-core-2.2.9.jar:/home/elshod/.m2/repository/io/swagger/core/v3/swagger-annotations/2.2.9/swagger-annotations-2.2.9.jar:/home/elshod/.m2/repository/io/swagger/core/v3/swagger-models/2.2.9/swagger-models-2.2.9.jar:/home/elshod/.m2/repository/org/springframework/cloud/spring-cloud-starter-aws/2.2.6.RELEASE/spring-cloud-starter-aws-2.2.6.RELEASE.jar:/home/elshod/.m2/repository/org/springframework/cloud/spring-cloud-aws-context/2.2.6.RELEASE/spring-cloud-aws-context-2.2.6.RELEASE.jar:/home/elshod/.m2/repository/org/springframework/cloud/spring-cloud-aws-core/2.2.6.RELEASE/spring-cloud-aws-core-2.2.6.RELEASE.jar:/home/elshod/.m2/repository/com/amazonaws/aws-java-sdk-core/1.11.792/aws-java-sdk-core-1.11.792.jar:/home/elshod/.m2/repository/software/amazon/ion/ion-java/1.0.2/ion-java-1.0.2.jar:/home/elshod/.m2/repository/com/fasterxml/jackson/dataformat/jackson-dataformat-cbor/2.14.2/jackson-dataformat-cbor-2.14.2.jar:/home/elshod/.m2/repository/joda-time/joda-time/2.8.1/joda-time-2.8.1.jar:/home/elshod/.m2/repository/com/amazonaws/aws-java-sdk-s3/1.11.792/aws-java-sdk-s3-1.11.792.jar:/home/elshod/.m2/repository/com/amazonaws/aws-java-sdk-kms/1.11.792/aws-java-sdk-kms-1.11.792.jar:/home/elshod/.m2/repository/com/amazonaws/jmespath-java/1.11.792/jmespath-java-1.11.792.jar:/home/elshod/.m2/repository/com/amazonaws/aws-java-sdk-ec2/1.11.792/aws-java-sdk-ec2-1.11.792.jar:/home/elshod/.m2/repository/com/amazonaws/aws-java-sdk-cloudformation/1.11.792/aws-java-sdk-cloudformation-1.11.792.jar:/home/elshod/.m2/repository/org/springframework/cloud/spring-cloud-aws-autoconfigure/2.2.6.RELEASE/spring-cloud-aws-autoconfigure-2.2.6.RELEASE.jar:/home/elshod/.m2/repository/org/slf4j/slf4j-api/2.0.7/slf4j-api-2.0.7.jar:/home/elshod/.m2/repository/javax/activation/javax.activation-api/1.2.0/javax.activation-api-1.2.0.jar:/home/elshod/.m2/repository/com/twilio/sdk/twilio/9.2.5/twilio-9.2.5.jar:/home/elshod/.m2/repository/commons-codec/commons-codec/1.15/commons-codec-1.15.jar:/home/elshod/.m2/repository/commons-io/commons-io/2.7/commons-io-2.7.jar:/home/elshod/.m2/repository/org/apache/httpcomponents/httpclient/4.5.14/httpclient-4.5.14.jar:/home/elshod/.m2/repository/org/apache/httpcomponents/httpcore/4.4.16/httpcore-4.4.16.jar:/home/elshod/.m2/repository/com/fasterxml/jackson/datatype/jackson-datatype-jsr310/2.14.2/jackson-datatype-jsr310-2.14.2.jar:/home/elshod/.m2/repository/org/json/json/20220320/json-20220320.jar:/home/elshod/.m2/repository/org/hibernate/validator/hibernate-validator/8.0.0.Final/hibernate-validator-8.0.0.Final.jar:/home/elshod/.m2/repository/jakarta/validation/jakarta.validation-api/3.0.2/jakarta.validation-api-3.0.2.jar:/home/elshod/.m2/repository/org/jboss/logging/jboss-logging/3.5.0.Final/jboss-logging-3.5.0.Final.jar:/home/elshod/.m2/repository/com/fasterxml/classmate/1.5.1/classmate-1.5.1.jar:/home/elshod/.m2/repository/org/junit/jupiter/junit-jupiter-engine/5.9.2/junit-jupiter-engine-5.9.2.jar:/home/elshod/.m2/repository/org/junit/platform/junit-platform-engine/1.9.2/junit-platform-engine-1.9.2.jar:/home/elshod/.m2/repository/org/apiguardian/apiguardian-api/1.1.2/apiguardian-api-1.1.2.jar:/home/elshod/.m2/repository/org/junit/jupiter/junit-jupiter-api/5.9.2/junit-jupiter-api-5.9.2.jar:/home/elshod/.m2/repository/org/opentest4j/opentest4j/1.2.0/opentest4j-1.2.0.jar:/home/elshod/.m2/repository/org/junit/platform/junit-platform-commons/1.9.2/junit-platform-commons-1.9.2.jar:/home/elshod/.m2/repository/org/junit/jupiter/junit-jupiter-params/5.9.2/junit-jupiter-params-5.9.2.jar:/home/elshod/.m2/repository/org/mockito/mockito-core/4.8.1/mockito-core-4.8.1.jar:/home/elshod/.m2/repository/net/bytebuddy/byte-buddy/1.12.23/byte-buddy-1.12.23.jar:/home/elshod/.m2/repository/net/bytebuddy/byte-buddy-agent/1.12.23/byte-buddy-agent-1.12.23.jar:/home/elshod/.m2/repository/org/objenesis/objenesis/3.2/objenesis-3.2.jar:/home/elshod/.m2/repository/org/mockito/mockito-junit-jupiter/4.8.1/mockito-junit-jupiter-4.8.1.jar:/home/elshod/.m2/repository/com/google/cloud/google-cloud-storage/2.22.1/google-cloud-storage-2.22.1.jar:/home/elshod/.m2/repository/com/google/guava/guava/31.1-jre/guava-31.1-jre.jar:/home/elshod/.m2/repository/com/google/guava/failureaccess/1.0.1/failureaccess-1.0.1.jar:/home/elshod/.m2/repository/com/google/guava/listenablefuture/9999.0-empty-to-avoid-conflict-with-guava/listenablefuture-9999.0-empty-to-avoid-conflict-with-guava.jar:/home/elshod/.m2/repository/com/google/errorprone/error_prone_annotations/2.18.0/error_prone_annotations-2.18.0.jar:/home/elshod/.m2/repository/com/google/j2objc/j2objc-annotations/1.3/j2objc-annotations-1.3.jar:/home/elshod/.m2/repository/com/google/http-client/google-http-client/1.43.1/google-http-client-1.43.1.jar:/home/elshod/.m2/repository/io/opencensus/opencensus-contrib-http-util/0.31.1/opencensus-contrib-http-util-0.31.1.jar:/home/elshod/.m2/repository/com/google/http-client/google-http-client-jackson2/1.43.1/google-http-client-jackson2-1.43.1.jar:/home/elshod/.m2/repository/com/google/http-client/google-http-client-gson/1.43.1/google-http-client-gson-1.43.1.jar:/home/elshod/.m2/repository/com/google/api-client/google-api-client/2.2.0/google-api-client-2.2.0.jar:/home/elshod/.m2/repository/com/google/oauth-client/google-oauth-client/1.34.1/google-oauth-client-1.34.1.jar:/home/elshod/.m2/repository/com/google/http-client/google-http-client-apache-v2/1.43.1/google-http-client-apache-v2-1.43.1.jar:/home/elshod/.m2/repository/com/google/apis/google-api-services-storage/v1-rev20230301-2.0.0/google-api-services-storage-v1-rev20230301-2.0.0.jar:/home/elshod/.m2/repository/com/google/cloud/google-cloud-core/2.16.0/google-cloud-core-2.16.0.jar:/home/elshod/.m2/repository/com/google/auto/value/auto-value-annotations/1.10.1/auto-value-annotations-1.10.1.jar:/home/elshod/.m2/repository/com/google/cloud/google-cloud-core-http/2.16.0/google-cloud-core-http-2.16.0.jar:/home/elshod/.m2/repository/com/google/http-client/google-http-client-appengine/1.43.1/google-http-client-appengine-1.43.1.jar:/home/elshod/.m2/repository/com/google/api/gax-httpjson/0.111.0/gax-httpjson-0.111.0.jar:/home/elshod/.m2/repository/com/google/cloud/google-cloud-core-grpc/2.16.0/google-cloud-core-grpc-2.16.0.jar:/home/elshod/.m2/repository/com/google/api/gax/2.26.0/gax-2.26.0.jar:/home/elshod/.m2/repository/com/google/api/gax-grpc/2.26.0/gax-grpc-2.26.0.jar:/home/elshod/.m2/repository/io/grpc/grpc-alts/1.54.0/grpc-alts-1.54.0.jar:/home/elshod/.m2/repository/io/grpc/grpc-grpclb/1.54.0/grpc-grpclb-1.54.0.jar:/home/elshod/.m2/repository/org/conscrypt/conscrypt-openjdk-uber/2.5.2/conscrypt-openjdk-uber-2.5.2.jar:/home/elshod/.m2/repository/io/grpc/grpc-auth/1.54.0/grpc-auth-1.54.0.jar:/home/elshod/.m2/repository/io/grpc/grpc-protobuf/1.54.0/grpc-protobuf-1.54.0.jar:/home/elshod/.m2/repository/io/grpc/grpc-protobuf-lite/1.54.0/grpc-protobuf-lite-1.54.0.jar:/home/elshod/.m2/repository/com/google/auth/google-auth-library-credentials/1.16.0/google-auth-library-credentials-1.16.0.jar:/home/elshod/.m2/repository/com/google/auth/google-auth-library-oauth2-http/1.16.0/google-auth-library-oauth2-http-1.16.0.jar:/home/elshod/.m2/repository/com/google/api/api-common/2.9.0/api-common-2.9.0.jar:/home/elshod/.m2/repository/javax/annotation/javax.annotation-api/1.3.2/javax.annotation-api-1.3.2.jar:/home/elshod/.m2/repository/io/opencensus/opencensus-api/0.31.1/opencensus-api-0.31.1.jar:/home/elshod/.m2/repository/io/grpc/grpc-context/1.54.0/grpc-context-1.54.0.jar:/home/elshod/.m2/repository/com/google/api/grpc/proto-google-iam-v1/1.12.0/proto-google-iam-v1-1.12.0.jar:/home/elshod/.m2/repository/com/google/protobuf/protobuf-java/3.21.12/protobuf-java-3.21.12.jar:/home/elshod/.m2/repository/com/google/protobuf/protobuf-java-util/3.21.12/protobuf-java-util-3.21.12.jar:/home/elshod/.m2/repository/com/google/api/grpc/proto-google-common-protos/2.17.0/proto-google-common-protos-2.17.0.jar:/home/elshod/.m2/repository/org/threeten/threetenbp/1.6.8/threetenbp-1.6.8.jar:/home/elshod/.m2/repository/com/google/api/grpc/proto-google-cloud-storage-v2/2.22.1-alpha/proto-google-cloud-storage-v2-2.22.1-alpha.jar:/home/elshod/.m2/repository/com/google/api/grpc/grpc-google-cloud-storage-v2/2.22.1-alpha/grpc-google-cloud-storage-v2-2.22.1-alpha.jar:/home/elshod/.m2/repository/com/google/api/grpc/gapic-google-cloud-storage-v2/2.22.1-alpha/gapic-google-cloud-storage-v2-2.22.1-alpha.jar:/home/elshod/.m2/repository/com/google/code/findbugs/jsr305/3.0.2/jsr305-3.0.2.jar:/home/elshod/.m2/repository/io/grpc/grpc-api/1.54.0/grpc-api-1.54.0.jar:/home/elshod/.m2/repository/io/grpc/grpc-netty-shaded/1.54.0/grpc-netty-shaded-1.54.0.jar:/home/elshod/.m2/repository/io/perfmark/perfmark-api/0.26.0/perfmark-api-0.26.0.jar:/home/elshod/.m2/repository/io/grpc/grpc-core/1.54.0/grpc-core-1.54.0.jar:/home/elshod/.m2/repository/com/google/android/annotations/4.1.1.4/annotations-4.1.1.4.jar:/home/elshod/.m2/repository/org/codehaus/mojo/animal-sniffer-annotations/1.23/animal-sniffer-annotations-1.23.jar:/home/elshod/.m2/repository/io/grpc/grpc-stub/1.54.0/grpc-stub-1.54.0.jar:/home/elshod/.m2/repository/io/grpc/grpc-googleapis/1.54.0/grpc-googleapis-1.54.0.jar:/home/elshod/.m2/repository/io/grpc/grpc-xds/1.54.0/grpc-xds-1.54.0.jar:/home/elshod/.m2/repository/io/opencensus/opencensus-proto/0.2.0/opencensus-proto-0.2.0.jar:/home/elshod/.m2/repository/io/grpc/grpc-services/1.54.0/grpc-services-1.54.0.jar:/home/elshod/.m2/repository/com/google/re2j/re2j/1.6/re2j-1.6.jar:"/>
    <property name="java.vm.vendor" value="Private Build"/>
    <property name="sun.arch.data.model" value="64"/>
    <property name="java.vendor.url" value="Unknown"/>
    <property name="user.timezone" value="Asia/Tashkent"/>
    <property name="org.jboss.logging.provider" value="slf4j"/>
    <property name="os.name" value="Linux"/>
    <property name="java.vm.specification.version" value="17"/>
    <property name="sun.java.launcher" value="SUN_STANDARD"/>
    <property name="user.country" value="US"/>
    <property name="sun.boot.library.path" value="/usr/lib/jvm/java-17-openjdk-amd64/lib"/>
    <property name="sun.java.command" value="/home/elshod/Documents/javacourse/Git/group/UzumMarket/target/surefire/surefirebooter-20230507091545370_3.jar /home/elshod/Documents/javacourse/Git/group/UzumMarket/target/surefire 2023-05-07T09-15-45_024-jvmRun1 surefire-20230507091545370_1tmp surefire_0-20230507091545370_2tmp"/>
    <property name="jdk.debug" value="release"/>
    <property name="surefire.test.class.path" value="/home/elshod/Documents/javacourse/Git/group/UzumMarket/target/test-classes:/home/elshod/Documents/javacourse/Git/group/UzumMarket/target/classes:/home/elshod/.m2/repository/org/springframework/boot/spring-boot-starter-data-jdbc/3.0.6/spring-boot-starter-data-jdbc-3.0.6.jar:/home/elshod/.m2/repository/org/springframework/data/spring-data-jdbc/3.0.5/spring-data-jdbc-3.0.5.jar:/home/elshod/.m2/repository/org/springframework/data/spring-data-relational/3.0.5/spring-data-relational-3.0.5.jar:/home/elshod/.m2/repository/org/springframework/data/spring-data-commons/3.0.5/spring-data-commons-3.0.5.jar:/home/elshod/.m2/repository/org/springframework/spring-tx/6.0.8/spring-tx-6.0.8.jar:/home/elshod/.m2/repository/org/springframework/spring-context/6.0.8/spring-context-6.0.8.jar:/home/elshod/.m2/repository/org/springframework/spring-beans/6.0.8/spring-beans-6.0.8.jar:/home/elshod/.m2/repository/org/springframework/boot/spring-boot-starter-data-jpa/3.0.6/spring-boot-starter-data-jpa-3.0.6.jar:/home/elshod/.m2/repository/org/springframework/boot/spring-boot-starter-aop/3.0.6/spring-boot-starter-aop-3.0.6.jar:/home/elshod/.m2/repository/org/aspectj/aspectjweaver/1.9.19/aspectjweaver-1.9.19.jar:/home/elshod/.m2/repository/org/hibernate/orm/hibernate-core/6.1.7.Final/hibernate-core-6.1.7.Final.jar:/home/elshod/.m2/repository/jakarta/persistence/jakarta.persistence-api/3.1.0/jakarta.persistence-api-3.1.0.jar:/home/elshod/.m2/repository/jakarta/transaction/jakarta.transaction-api/2.0.1/jakarta.transaction-api-2.0.1.jar:/home/elshod/.m2/repository/org/hibernate/common/hibernate-commons-annotations/6.0.6.Final/hibernate-commons-annotations-6.0.6.Final.jar:/home/elshod/.m2/repository/org/jboss/jandex/2.4.2.Final/jandex-2.4.2.Final.jar:/home/elshod/.m2/repository/org/glassfish/jaxb/jaxb-runtime/4.0.2/jaxb-runtime-4.0.2.jar:/home/elshod/.m2/repository/org/glassfish/jaxb/jaxb-core/4.0.2/jaxb-core-4.0.2.jar:/home/elshod/.m2/repository/org/eclipse/angus/angus-activation/2.0.0/angus-activation-2.0.0.jar:/home/elshod/.m2/repository/org/glassfish/jaxb/txw2/4.0.2/txw2-4.0.2.jar:/home/elshod/.m2/repository/com/sun/istack/istack-commons-runtime/4.1.1/istack-commons-runtime-4.1.1.jar:/home/elshod/.m2/repository/jakarta/inject/jakarta.inject-api/2.0.0/jakarta.inject-api-2.0.0.jar:/home/elshod/.m2/repository/org/antlr/antlr4-runtime/4.10.1/antlr4-runtime-4.10.1.jar:/home/elshod/.m2/repository/org/springframework/data/spring-data-jpa/3.0.5/spring-data-jpa-3.0.5.jar:/home/elshod/.m2/repository/org/springframework/spring-orm/6.0.8/spring-orm-6.0.8.jar:/home/elshod/.m2/repository/jakarta/annotation/jakarta.annotation-api/2.1.1/jakarta.annotation-api-2.1.1.jar:/home/elshod/.m2/repository/org/springframework/spring-aspects/6.0.8/spring-aspects-6.0.8.jar:/home/elshod/.m2/repository/org/springframework/boot/spring-boot-starter-jdbc/3.0.6/spring-boot-starter-jdbc-3.0.6.jar:/home/elshod/.m2/repository/org/springframework/boot/spring-boot-starter/3.0.6/spring-boot-starter-3.0.6.jar:/home/elshod/.m2/repository/org/springframework/boot/spring-boot-starter-logging/3.0.6/spring-boot-starter-logging-3.0.6.jar:/home/elshod/.m2/repository/ch/qos/logback/logback-classic/1.4.7/logback-classic-1.4.7.jar:/home/elshod/.m2/repository/ch/qos/logback/logback-core/1.4.7/logback-core-1.4.7.jar:/home/elshod/.m2/repository/org/apache/logging/log4j/log4j-to-slf4j/2.19.0/log4j-to-slf4j-2.19.0.jar:/home/elshod/.m2/repository/org/apache/logging/log4j/log4j-api/2.19.0/log4j-api-2.19.0.jar:/home/elshod/.m2/repository/org/slf4j/jul-to-slf4j/2.0.7/jul-to-slf4j-2.0.7.jar:/home/elshod/.m2/repository/org/yaml/snakeyaml/1.33/snakeyaml-1.33.jar:/home/elshod/.m2/repository/com/zaxxer/HikariCP/5.0.1/HikariCP-5.0.1.jar:/home/elshod/.m2/repository/org/springframework/spring-jdbc/6.0.8/spring-jdbc-6.0.8.jar:/home/elshod/.m2/repository/org/springframework/boot/spring-boot-starter-security/3.0.6/spring-boot-starter-security-3.0.6.jar:/home/elshod/.m2/repository/org/springframework/spring-aop/6.0.8/spring-aop-6.0.8.jar:/home/elshod/.m2/repository/org/springframework/security/spring-security-config/6.0.3/spring-security-config-6.0.3.jar:/home/elshod/.m2/repository/org/springframework/security/spring-security-web/6.0.3/spring-security-web-6.0.3.jar:/home/elshod/.m2/repository/org/springframework/spring-expression/6.0.8/spring-expression-6.0.8.jar:/home/elshod/.m2/repository/org/springframework/boot/spring-boot-starter-validation/3.0.6/spring-boot-starter-validation-3.0.6.jar:/home/elshod/.m2/repository/org/apache/tomcat/embed/tomcat-embed-el/10.1.8/tomcat-embed-el-10.1.8.jar:/home/elshod/.m2/repository/org/springframework/boot/spring-boot-starter-web/3.0.6/spring-boot-starter-web-3.0.6.jar:/home/elshod/.m2/repository/org/springframework/boot/spring-boot-starter-json/3.0.6/spring-boot-starter-json-3.0.6.jar:/home/elshod/.m2/repository/com/fasterxml/jackson/datatype/jackson-datatype-jdk8/2.14.2/jackson-datatype-jdk8-2.14.2.jar:/home/elshod/.m2/repository/com/fasterxml/jackson/module/jackson-module-parameter-names/2.14.2/jackson-module-parameter-names-2.14.2.jar:/home/elshod/.m2/repository/org/springframework/boot/spring-boot-starter-tomcat/3.0.6/spring-boot-starter-tomcat-3.0.6.jar:/home/elshod/.m2/repository/org/apache/tomcat/embed/tomcat-embed-core/10.1.8/tomcat-embed-core-10.1.8.jar:/home/elshod/.m2/repository/org/apache/tomcat/embed/tomcat-embed-websocket/10.1.8/tomcat-embed-websocket-10.1.8.jar:/home/elshod/.m2/repository/org/springframework/spring-web/6.0.8/spring-web-6.0.8.jar:/home/elshod/.m2/repository/org/springframework/spring-webmvc/6.0.8/spring-webmvc-6.0.8.jar:/home/elshod/.m2/repository/org/springframework/boot/spring-boot-starter-data-redis/3.0.6/spring-boot-starter-data-redis-3.0.6.jar:/home/elshod/.m2/repository/org/springframework/data/spring-data-redis/3.0.5/spring-data-redis-3.0.5.jar:/home/elshod/.m2/repository/org/springframework/data/spring-data-keyvalue/3.0.5/spring-data-keyvalue-3.0.5.jar:/home/elshod/.m2/repository/org/springframework/spring-oxm/6.0.8/spring-oxm-6.0.8.jar:/home/elshod/.m2/repository/org/springframework/spring-context-support/6.0.8/spring-context-support-6.0.8.jar:/home/elshod/.m2/repository/io/lettuce/lettuce-core/6.2.4.RELEASE/lettuce-core-6.2.4.RELEASE.jar:/home/elshod/.m2/repository/io/netty/netty-common/4.1.91.Final/netty-common-4.1.91.Final.jar:/home/elshod/.m2/repository/io/netty/netty-handler/4.1.91.Final/netty-handler-4.1.91.Final.jar:/home/elshod/.m2/repository/io/netty/netty-resolver/4.1.91.Final/netty-resolver-4.1.91.Final.jar:/home/elshod/.m2/repository/io/netty/netty-buffer/4.1.91.Final/netty-buffer-4.1.91.Final.jar:/home/elshod/.m2/repository/io/netty/netty-transport-native-unix-common/4.1.91.Final/netty-transport-native-unix-common-4.1.91.Final.jar:/home/elshod/.m2/repository/io/netty/netty-codec/4.1.91.Final/netty-codec-4.1.91.Final.jar:/home/elshod/.m2/repository/io/netty/netty-transport/4.1.91.Final/netty-transport-4.1.91.Final.jar:/home/elshod/.m2/repository/io/projectreactor/reactor-core/3.5.5/reactor-core-3.5.5.jar:/home/elshod/.m2/repository/org/reactivestreams/reactive-streams/1.0.4/reactive-streams-1.0.4.jar:/home/elshod/.m2/repository/org/springframework/boot/spring-boot-devtools/3.0.6/spring-boot-devtools-3.0.6.jar:/home/elshod/.m2/repository/org/springframework/boot/spring-boot/3.0.6/spring-boot-3.0.6.jar:/home/elshod/.m2/repository/org/springframework/boot/spring-boot-autoconfigure/3.0.6/spring-boot-autoconfigure-3.0.6.jar:/home/elshod/.m2/repository/org/postgresql/postgresql/42.5.4/postgresql-42.5.4.jar:/home/elshod/.m2/repository/org/checkerframework/checker-qual/3.5.0/checker-qual-3.5.0.jar:/home/elshod/.m2/repository/org/springframework/boot/spring-boot-configuration-processor/3.0.6/spring-boot-configuration-processor-3.0.6.jar:/home/elshod/.m2/repository/com/github/pengrad/java-telegram-bot-api/6.6.1/java-telegram-bot-api-6.6.1.jar:/home/elshod/.m2/repository/com/google/code/gson/gson/2.9.1/gson-2.9.1.jar:/home/elshod/.m2/repository/com/squareup/okhttp3/okhttp/4.10.0/okhttp-4.10.0.jar:/home/elshod/.m2/repository/com/squareup/okio/okio-jvm/3.0.0/okio-jvm-3.0.0.jar:/home/elshod/.m2/repository/org/jetbrains/kotlin/kotlin-stdlib-common/1.7.22/kotlin-stdlib-common-1.7.22.jar:/home/elshod/.m2/repository/org/jetbrains/kotlin/kotlin-stdlib/1.7.22/kotlin-stdlib-1.7.22.jar:/home/elshod/.m2/repository/org/jetbrains/annotations/13.0/annotations-13.0.jar:/home/elshod/.m2/repository/com/squareup/okhttp3/logging-interceptor/4.10.0/logging-interceptor-4.10.0.jar:/home/elshod/.m2/repository/org/jetbrains/kotlin/kotlin-stdlib-jdk8/1.7.22/kotlin-stdlib-jdk8-1.7.22.jar:/home/elshod/.m2/repository/org/jetbrains/kotlin/kotlin-stdlib-jdk7/1.7.22/kotlin-stdlib-jdk7-1.7.22.jar:/home/elshod/.m2/repository/com/google/zxing/core/3.3.0/core-3.3.0.jar:/home/elshod/.m2/repository/com/google/zxing/javase/3.3.0/javase-3.3.0.jar:/home/elshod/.m2/repository/com/beust/jcommander/1.48/jcommander-1.48.jar:/home/elshod/.m2/repository/com/github/jai-imageio/jai-imageio-core/1.3.1/jai-imageio-core-1.3.1.jar:/home/elshod/.m2/repository/org/projectlombok/lombok/1.18.26/lombok-1.18.26.jar:/home/elshod/.m2/repository/org/springframework/boot/spring-boot-starter-test/3.0.6/spring-boot-starter-test-3.0.6.jar:/home/elshod/.m2/repository/org/springframework/boot/spring-boot-test/3.0.6/spring-boot-test-3.0.6.jar:/home/elshod/.m2/repository/org/springframework/boot/spring-boot-test-autoconfigure/3.0.6/spring-boot-test-autoconfigure-3.0.6.jar:/home/elshod/.m2/repository/com/jayway/jsonpath/json-path/2.7.0/json-path-2.7.0.jar:/home/elshod/.m2/repository/net/minidev/json-smart/2.4.10/json-smart-2.4.10.jar:/home/elshod/.m2/repository/net/minidev/accessors-smart/2.4.9/accessors-smart-2.4.9.jar:/home/elshod/.m2/repository/org/ow2/asm/asm/9.3/asm-9.3.jar:/home/elshod/.m2/repository/jakarta/xml/bind/jakarta.xml.bind-api/4.0.0/jakarta.xml.bind-api-4.0.0.jar:/home/elshod/.m2/repository/jakarta/activation/jakarta.activation-api/2.1.1/jakarta.activation-api-2.1.1.jar:/home/elshod/.m2/repository/org/assertj/assertj-core/3.23.1/assertj-core-3.23.1.jar:/home/elshod/.m2/repository/org/hamcrest/hamcrest/2.2/hamcrest-2.2.jar:/home/elshod/.m2/repository/org/junit/jupiter/junit-jupiter/5.9.2/junit-jupiter-5.9.2.jar:/home/elshod/.m2/repository/org/skyscreamer/jsonassert/1.5.1/jsonassert-1.5.1.jar:/home/elshod/.m2/repository/com/vaadin/external/google/android-json/0.0.20131108.vaadin1/android-json-0.0.20131108.vaadin1.jar:/home/elshod/.m2/repository/org/springframework/spring-core/6.0.8/spring-core-6.0.8.jar:/home/elshod/.m2/repository/org/springframework/spring-jcl/6.0.8/spring-jcl-6.0.8.jar:/home/elshod/.m2/repository/org/springframework/spring-test/6.0.8/spring-test-6.0.8.jar:/home/elshod/.m2/repository/org/xmlunit/xmlunit-core/2.9.1/xmlunit-core-2.9.1.jar:/home/elshod/.m2/repository/org/springframework/security/spring-security-test/6.0.3/spring-security-test-6.0.3.jar:/home/elshod/.m2/repository/org/springframework/security/spring-security-core/6.0.3/spring-security-core-6.0.3.jar:/home/elshod/.m2/repository/org/springframework/security/spring-security-crypto/6.0.3/spring-security-crypto-6.0.3.jar:/home/elshod/.m2/repository/io/jsonwebtoken/jjwt-api/0.11.5/jjwt-api-0.11.5.jar:/home/elshod/.m2/repository/io/jsonwebtoken/jjwt-impl/0.11.5/jjwt-impl-0.11.5.jar:/home/elshod/.m2/repository/io/jsonwebtoken/jjwt-jackson/0.11.5/jjwt-jackson-0.11.5.jar:/home/elshod/.m2/repository/com/fasterxml/jackson/core/jackson-databind/2.14.2/jackson-databind-2.14.2.jar:/home/elshod/.m2/repository/com/fasterxml/jackson/dataformat/jackson-dataformat-xml/2.14.2/jackson-dataformat-xml-2.14.2.jar:/home/elshod/.m2/repository/com/fasterxml/jackson/core/jackson-core/2.14.2/jackson-core-2.14.2.jar:/home/elshod/.m2/repository/com/fasterxml/jackson/core/jackson-annotations/2.14.2/jackson-annotations-2.14.2.jar:/home/elshod/.m2/repository/org/codehaus/woodstox/stax2-api/4.2.1/stax2-api-4.2.1.jar:/home/elshod/.m2/repository/com/fasterxml/woodstox/woodstox-core/6.5.0/woodstox-core-6.5.0.jar:/home/elshod/.m2/repository/org/mapstruct/mapstruct/1.5.3.Final/mapstruct-1.5.3.Final.jar:/home/elshod/.m2/repository/org/mapstruct/mapstruct-processor/1.5.3.Final/mapstruct-processor-1.5.3.Final.jar:/home/elshod/.m2/repository/org/springframework/boot/spring-boot-starter-actuator/3.0.5/spring-boot-starter-actuator-3.0.5.jar:/home/elshod/.m2/repository/org/springframework/boot/spring-boot-actuator-autoconfigure/3.0.6/spring-boot-actuator-autoconfigure-3.0.6.jar:/home/elshod/.m2/repository/org/springframework/boot/spring-boot-actuator/3.0.6/spring-boot-actuator-3.0.6.jar:/home/elshod/.m2/repository/io/micrometer/micrometer-observation/1.10.6/micrometer-observation-1.10.6.jar:/home/elshod/.m2/repository/io/micrometer/micrometer-commons/1.10.6/micrometer-commons-1.10.6.jar:/home/elshod/.m2/repository/io/micrometer/micrometer-core/1.10.6/micrometer-core-1.10.6.jar:/home/elshod/.m2/repository/org/hdrhistogram/HdrHistogram/2.1.12/HdrHistogram-2.1.12.jar:/home/elshod/.m2/repository/org/latencyutils/LatencyUtils/2.0.3/LatencyUtils-2.0.3.jar:/home/elshod/.m2/repository/org/springdoc/springdoc-openapi-starter-webmvc-ui/2.1.0/springdoc-openapi-starter-webmvc-ui-2.1.0.jar:/home/elshod/.m2/repository/org/springdoc/springdoc-openapi-starter-webmvc-api/2.1.0/springdoc-openapi-starter-webmvc-api-2.1.0.jar:/home/elshod/.m2/repository/org/springdoc/springdoc-openapi-starter-common/2.1.0/springdoc-openapi-starter-common-2.1.0.jar:/home/elshod/.m2/repository/io/swagger/core/v3/swagger-core-jakarta/2.2.9/swagger-core-jakarta-2.2.9.jar:/home/elshod/.m2/repository/org/apache/commons/commons-lang3/3.12.0/commons-lang3-3.12.0.jar:/home/elshod/.m2/repository/io/swagger/core/v3/swagger-annotations-jakarta/2.2.9/swagger-annotations-jakarta-2.2.9.jar:/home/elshod/.m2/repository/io/swagger/core/v3/swagger-models-jakarta/2.2.9/swagger-models-jakarta-2.2.9.jar:/home/elshod/.m2/repository/com/fasterxml/jackson/dataformat/jackson-dataformat-yaml/2.14.2/jackson-dataformat-yaml-2.14.2.jar:/home/elshod/.m2/repository/org/webjars/swagger-ui/4.18.2/swagger-ui-4.18.2.jar:/home/elshod/.m2/repository/org/springdoc/springdoc-openapi-ui/1.7.0/springdoc-openapi-ui-1.7.0.jar:/home/elshod/.m2/repository/org/springdoc/springdoc-openapi-webmvc-core/1.7.0/springdoc-openapi-webmvc-core-1.7.0.jar:/home/elshod/.m2/repository/org/springdoc/springdoc-openapi-common/1.7.0/springdoc-openapi-common-1.7.0.jar:/home/elshod/.m2/repository/io/swagger/core/v3/swagger-core/2.2.9/swagger-core-2.2.9.jar:/home/elshod/.m2/repository/io/swagger/core/v3/swagger-annotations/2.2.9/swagger-annotations-2.2.9.jar:/home/elshod/.m2/repository/io/swagger/core/v3/swagger-models/2.2.9/swagger-models-2.2.9.jar:/home/elshod/.m2/repository/org/springframework/cloud/spring-cloud-starter-aws/2.2.6.RELEASE/spring-cloud-starter-aws-2.2.6.RELEASE.jar:/home/elshod/.m2/repository/org/springframework/cloud/spring-cloud-aws-context/2.2.6.RELEASE/spring-cloud-aws-context-2.2.6.RELEASE.jar:/home/elshod/.m2/repository/org/springframework/cloud/spring-cloud-aws-core/2.2.6.RELEASE/spring-cloud-aws-core-2.2.6.RELEASE.jar:/home/elshod/.m2/repository/com/amazonaws/aws-java-sdk-core/1.11.792/aws-java-sdk-core-1.11.792.jar:/home/elshod/.m2/repository/software/amazon/ion/ion-java/1.0.2/ion-java-1.0.2.jar:/home/elshod/.m2/repository/com/fasterxml/jackson/dataformat/jackson-dataformat-cbor/2.14.2/jackson-dataformat-cbor-2.14.2.jar:/home/elshod/.m2/repository/joda-time/joda-time/2.8.1/joda-time-2.8.1.jar:/home/elshod/.m2/repository/com/amazonaws/aws-java-sdk-s3/1.11.792/aws-java-sdk-s3-1.11.792.jar:/home/elshod/.m2/repository/com/amazonaws/aws-java-sdk-kms/1.11.792/aws-java-sdk-kms-1.11.792.jar:/home/elshod/.m2/repository/com/amazonaws/jmespath-java/1.11.792/jmespath-java-1.11.792.jar:/home/elshod/.m2/repository/com/amazonaws/aws-java-sdk-ec2/1.11.792/aws-java-sdk-ec2-1.11.792.jar:/home/elshod/.m2/repository/com/amazonaws/aws-java-sdk-cloudformation/1.11.792/aws-java-sdk-cloudformation-1.11.792.jar:/home/elshod/.m2/repository/org/springframework/cloud/spring-cloud-aws-autoconfigure/2.2.6.RELEASE/spring-cloud-aws-autoconfigure-2.2.6.RELEASE.jar:/home/elshod/.m2/repository/org/slf4j/slf4j-api/2.0.7/slf4j-api-2.0.7.jar:/home/elshod/.m2/repository/javax/activation/javax.activation-api/1.2.0/javax.activation-api-1.2.0.jar:/home/elshod/.m2/repository/com/twilio/sdk/twilio/9.2.5/twilio-9.2.5.jar:/home/elshod/.m2/repository/commons-codec/commons-codec/1.15/commons-codec-1.15.jar:/home/elshod/.m2/repository/commons-io/commons-io/2.7/commons-io-2.7.jar:/home/elshod/.m2/repository/org/apache/httpcomponents/httpclient/4.5.14/httpclient-4.5.14.jar:/home/elshod/.m2/repository/org/apache/httpcomponents/httpcore/4.4.16/httpcore-4.4.16.jar:/home/elshod/.m2/repository/com/fasterxml/jackson/datatype/jackson-datatype-jsr310/2.14.2/jackson-datatype-jsr310-2.14.2.jar:/home/elshod/.m2/repository/org/json/json/20220320/json-20220320.jar:/home/elshod/.m2/repository/org/hibernate/validator/hibernate-validator/8.0.0.Final/hibernate-validator-8.0.0.Final.jar:/home/elshod/.m2/repository/jakarta/validation/jakarta.validation-api/3.0.2/jakarta.validation-api-3.0.2.jar:/home/elshod/.m2/repository/org/jboss/logging/jboss-logging/3.5.0.Final/jboss-logging-3.5.0.Final.jar:/home/elshod/.m2/repository/com/fasterxml/classmate/1.5.1/classmate-1.5.1.jar:/home/elshod/.m2/repository/org/junit/jupiter/junit-jupiter-engine/5.9.2/junit-jupiter-engine-5.9.2.jar:/home/elshod/.m2/repository/org/junit/platform/junit-platform-engine/1.9.2/junit-platform-engine-1.9.2.jar:/home/elshod/.m2/repository/org/apiguardian/apiguardian-api/1.1.2/apiguardian-api-1.1.2.jar:/home/elshod/.m2/repository/org/junit/jupiter/junit-jupiter-api/5.9.2/junit-jupiter-api-5.9.2.jar:/home/elshod/.m2/repository/org/opentest4j/opentest4j/1.2.0/opentest4j-1.2.0.jar:/home/elshod/.m2/repository/org/junit/platform/junit-platform-commons/1.9.2/junit-platform-commons-1.9.2.jar:/home/elshod/.m2/repository/org/junit/jupiter/junit-jupiter-params/5.9.2/junit-jupiter-params-5.9.2.jar:/home/elshod/.m2/repository/org/mockito/mockito-core/4.8.1/mockito-core-4.8.1.jar:/home/elshod/.m2/repository/net/bytebuddy/byte-buddy/1.12.23/byte-buddy-1.12.23.jar:/home/elshod/.m2/repository/net/bytebuddy/byte-buddy-agent/1.12.23/byte-buddy-agent-1.12.23.jar:/home/elshod/.m2/repository/org/objenesis/objenesis/3.2/objenesis-3.2.jar:/home/elshod/.m2/repository/org/mockito/mockito-junit-jupiter/4.8.1/mockito-junit-jupiter-4.8.1.jar:/home/elshod/.m2/repository/com/google/cloud/google-cloud-storage/2.22.1/google-cloud-storage-2.22.1.jar:/home/elshod/.m2/repository/com/google/guava/guava/31.1-jre/guava-31.1-jre.jar:/home/elshod/.m2/repository/com/google/guava/failureaccess/1.0.1/failureaccess-1.0.1.jar:/home/elshod/.m2/repository/com/google/guava/listenablefuture/9999.0-empty-to-avoid-conflict-with-guava/listenablefuture-9999.0-empty-to-avoid-conflict-with-guava.jar:/home/elshod/.m2/repository/com/google/errorprone/error_prone_annotations/2.18.0/error_prone_annotations-2.18.0.jar:/home/elshod/.m2/repository/com/google/j2objc/j2objc-annotations/1.3/j2objc-annotations-1.3.jar:/home/elshod/.m2/repository/com/google/http-client/google-http-client/1.43.1/google-http-client-1.43.1.jar:/home/elshod/.m2/repository/io/opencensus/opencensus-contrib-http-util/0.31.1/opencensus-contrib-http-util-0.31.1.jar:/home/elshod/.m2/repository/com/google/http-client/google-http-client-jackson2/1.43.1/google-http-client-jackson2-1.43.1.jar:/home/elshod/.m2/repository/com/google/http-client/google-http-client-gson/1.43.1/google-http-client-gson-1.43.1.jar:/home/elshod/.m2/repository/com/google/api-client/google-api-client/2.2.0/google-api-client-2.2.0.jar:/home/elshod/.m2/repository/com/google/oauth-client/google-oauth-client/1.34.1/google-oauth-client-1.34.1.jar:/home/elshod/.m2/repository/com/google/http-client/google-http-client-apache-v2/1.43.1/google-http-client-apache-v2-1.43.1.jar:/home/elshod/.m2/repository/com/google/apis/google-api-services-storage/v1-rev20230301-2.0.0/google-api-services-storage-v1-rev20230301-2.0.0.jar:/home/elshod/.m2/repository/com/google/cloud/google-cloud-core/2.16.0/google-cloud-core-2.16.0.jar:/home/elshod/.m2/repository/com/google/auto/value/auto-value-annotations/1.10.1/auto-value-annotations-1.10.1.jar:/home/elshod/.m2/repository/com/google/cloud/google-cloud-core-http/2.16.0/google-cloud-core-http-2.16.0.jar:/home/elshod/.m2/repository/com/google/http-client/google-http-client-appengine/1.43.1/google-http-client-appengine-1.43.1.jar:/home/elshod/.m2/repository/com/google/api/gax-httpjson/0.111.0/gax-httpjson-0.111.0.jar:/home/elshod/.m2/repository/com/google/cloud/google-cloud-core-grpc/2.16.0/google-cloud-core-grpc-2.16.0.jar:/home/elshod/.m2/repository/com/google/api/gax/2.26.0/gax-2.26.0.jar:/home/elshod/.m2/repository/com/google/api/gax-grpc/2.26.0/gax-grpc-2.26.0.jar:/home/elshod/.m2/repository/io/grpc/grpc-alts/1.54.0/grpc-alts-1.54.0.jar:/home/elshod/.m2/repository/io/grpc/grpc-grpclb/1.54.0/grpc-grpclb-1.54.0.jar:/home/elshod/.m2/repository/org/conscrypt/conscrypt-openjdk-uber/2.5.2/conscrypt-openjdk-uber-2.5.2.jar:/home/elshod/.m2/repository/io/grpc/grpc-auth/1.54.0/grpc-auth-1.54.0.jar:/home/elshod/.m2/repository/io/grpc/grpc-protobuf/1.54.0/grpc-protobuf-1.54.0.jar:/home/elshod/.m2/repository/io/grpc/grpc-protobuf-lite/1.54.0/grpc-protobuf-lite-1.54.0.jar:/home/elshod/.m2/repository/com/google/auth/google-auth-library-credentials/1.16.0/google-auth-library-credentials-1.16.0.jar:/home/elshod/.m2/repository/com/google/auth/google-auth-library-oauth2-http/1.16.0/google-auth-library-oauth2-http-1.16.0.jar:/home/elshod/.m2/repository/com/google/api/api-common/2.9.0/api-common-2.9.0.jar:/home/elshod/.m2/repository/javax/annotation/javax.annotation-api/1.3.2/javax.annotation-api-1.3.2.jar:/home/elshod/.m2/repository/io/opencensus/opencensus-api/0.31.1/opencensus-api-0.31.1.jar:/home/elshod/.m2/repository/io/grpc/grpc-context/1.54.0/grpc-context-1.54.0.jar:/home/elshod/.m2/repository/com/google/api/grpc/proto-google-iam-v1/1.12.0/proto-google-iam-v1-1.12.0.jar:/home/elshod/.m2/repository/com/google/protobuf/protobuf-java/3.21.12/protobuf-java-3.21.12.jar:/home/elshod/.m2/repository/com/google/protobuf/protobuf-java-util/3.21.12/protobuf-java-util-3.21.12.jar:/home/elshod/.m2/repository/com/google/api/grpc/proto-google-common-protos/2.17.0/proto-google-common-protos-2.17.0.jar:/home/elshod/.m2/repository/org/threeten/threetenbp/1.6.8/threetenbp-1.6.8.jar:/home/elshod/.m2/repository/com/google/api/grpc/proto-google-cloud-storage-v2/2.22.1-alpha/proto-google-cloud-storage-v2-2.22.1-alpha.jar:/home/elshod/.m2/repository/com/google/api/grpc/grpc-google-cloud-storage-v2/2.22.1-alpha/grpc-google-cloud-storage-v2-2.22.1-alpha.jar:/home/elshod/.m2/repository/com/google/api/grpc/gapic-google-cloud-storage-v2/2.22.1-alpha/gapic-google-cloud-storage-v2-2.22.1-alpha.jar:/home/elshod/.m2/repository/com/google/code/findbugs/jsr305/3.0.2/jsr305-3.0.2.jar:/home/elshod/.m2/repository/io/grpc/grpc-api/1.54.0/grpc-api-1.54.0.jar:/home/elshod/.m2/repository/io/grpc/grpc-netty-shaded/1.54.0/grpc-netty-shaded-1.54.0.jar:/home/elshod/.m2/repository/io/perfmark/perfmark-api/0.26.0/perfmark-api-0.26.0.jar:/home/elshod/.m2/repository/io/grpc/grpc-core/1.54.0/grpc-core-1.54.0.jar:/home/elshod/.m2/repository/com/google/android/annotations/4.1.1.4/annotations-4.1.1.4.jar:/home/elshod/.m2/repository/org/codehaus/mojo/animal-sniffer-annotations/1.23/animal-sniffer-annotations-1.23.jar:/home/elshod/.m2/repository/io/grpc/grpc-stub/1.54.0/grpc-stub-1.54.0.jar:/home/elshod/.m2/repository/io/grpc/grpc-googleapis/1.54.0/grpc-googleapis-1.54.0.jar:/home/elshod/.m2/repository/io/grpc/grpc-xds/1.54.0/grpc-xds-1.54.0.jar:/home/elshod/.m2/repository/io/opencensus/opencensus-proto/0.2.0/opencensus-proto-0.2.0.jar:/home/elshod/.m2/repository/io/grpc/grpc-services/1.54.0/grpc-services-1.54.0.jar:/home/elshod/.m2/repository/com/google/re2j/re2j/1.6/re2j-1.6.jar:"/>
    <property name="sun.cpu.endian" value="little"/>
    <property name="user.home" value="/home/elshod"/>
    <property name="user.language" value="en"/>
    <property name="java.specification.vendor" value="Oracle Corporation"/>
    <property name="java.version.date" value="2023-01-17"/>
    <property name="java.home" value="/usr/lib/jvm/java-17-openjdk-amd64"/>
    <property name="file.separator" value="/"/>
    <property name="basedir" value="/home/elshod/Documents/javacourse/Git/group/UzumMarket"/>
    <property name="java.vm.compressedOopsMode" value="Zero based"/>
    <property name="line.separator" value="&#10;"/>
    <property name="java.specification.name" value="Java Platform API Specification"/>
    <property name="java.vm.specification.vendor" value="Oracle Corporation"/>
    <property name="FILE_LOG_CHARSET" value="UTF-8"/>
    <property name="java.awt.headless" value="true"/>
    <property name="surefire.real.class.path" value="/home/elshod/Documents/javacourse/Git/group/UzumMarket/target/surefire/surefirebooter-20230507091545370_3.jar"/>
    <property name="sun.management.compiler" value="HotSpot 64-Bit Tiered Compilers"/>
    <property name="java.runtime.version" value="17.0.6+10-Ubuntu-0ubuntu122.04"/>
    <property name="user.name" value="elshod"/>
    <property name="path.separator" value=":"/>
    <property name="os.version" value="5.19.0-41-generic"/>
    <property name="java.runtime.name" value="OpenJDK Runtime Environment"/>
    <property name="file.encoding" value="UTF-8"/>
    <property name="java.vm.name" value="OpenJDK 64-Bit Server VM"/>
    <property name="localRepository" value="/home/elshod/.m2/repository"/>
    <property name="java.vendor.url.bug" value="Unknown"/>
    <property name="java.io.tmpdir" value="/tmp"/>
    <property name="idea.version" value="2023.1.1"/>
    <property name="com.zaxxer.hikari.pool_number" value="1"/>
    <property name="java.version" value="17.0.6"/>
    <property name="user.dir" value="/home/elshod/Documents/javacourse/Git/group/UzumMarket"/>
    <property name="os.arch" value="amd64"/>
    <property name="java.vm.specification.name" value="Java Virtual Machine Specification"/>
    <property name="PID" value="13542"/>
    <property name="CONSOLE_LOG_CHARSET" value="UTF-8"/>
    <property name="native.encoding" value="UTF-8"/>
    <property name="java.library.path" value="/usr/java/packages/lib:/usr/lib/x86_64-linux-gnu/jni:/lib/x86_64-linux-gnu:/usr/lib/x86_64-linux-gnu:/usr/lib/jni:/lib:/usr/lib"/>
    <property name="java.vm.info" value="mixed mode, sharing"/>
    <property name="java.vendor" value="Private Build"/>
    <property name="java.vm.version" value="17.0.6+10-Ubuntu-0ubuntu122.04"/>
    <property name="sun.io.unicode.encoding" value="UnicodeLittle"/>
    <property name="java.class.version" value="61.0"/>
  </properties>
  <testcase name="testGetDocument" classname="uz.market.uzum.controllers.DocumentControllerTest" time="0.268"/>
  <testcase name="testUploadFile" classname="uz.market.uzum.controllers.DocumentControllerTest" time="0">
    <skipped message="TODO: Complete this test"/>
  </testcase>
  <testcase name="testUploadFile2" classname="uz.market.uzum.controllers.DocumentControllerTest" time="0.028"/>
  <testcase name="testUploadFile3" classname="uz.market.uzum.controllers.DocumentControllerTest" time="0.028"/>
  <testcase name="testDelete2" classname="uz.market.uzum.controllers.DocumentControllerTest" time="0">
    <skipped message="TODO: Complete this test"/>
  </testcase>
  <testcase name="testDelete3" classname="uz.market.uzum.controllers.DocumentControllerTest" time="0.005"/>
  <testcase name="testDelete" classname="uz.market.uzum.controllers.DocumentControllerTest" time="0.02">
    <failure message="&#10;Wanted but not invoked:&#10;documentRepository.deleteById(&lt;any&gt;);&#10;-&gt; at uz.market.uzum.controllers.DocumentControllerTest.testDelete(DocumentControllerTest.java:318)&#10;&#10;However, there was exactly 1 interaction with this mock:&#10;documentRepository.deleteDocument(1L);&#10;-&gt; at uz.market.uzum.services.DocumentService.deleteDocument(DocumentService.java:59)&#10;&#10;" type="Wanted but not invoked"><![CDATA[Wanted but not invoked:
documentRepository.deleteById(<any>);
-> at uz.market.uzum.controllers.DocumentControllerTest.testDelete(DocumentControllerTest.java:318)

However, there was exactly 1 interaction with this mock:
documentRepository.deleteDocument(1L);
-> at uz.market.uzum.services.DocumentService.deleteDocument(DocumentService.java:59)


	at uz.market.uzum.controllers.DocumentControllerTest.testDelete(DocumentControllerTest.java:318)
	at java.base/jdk.internal.reflect.NativeMethodAccessorImpl.invoke0(Native Method)
	at java.base/jdk.internal.reflect.NativeMethodAccessorImpl.invoke(NativeMethodAccessorImpl.java:77)
	at java.base/jdk.internal.reflect.DelegatingMethodAccessorImpl.invoke(DelegatingMethodAccessorImpl.java:43)
	at java.base/java.lang.reflect.Method.invoke(Method.java:568)
	at org.junit.platform.commons.util.ReflectionUtils.invokeMethod(ReflectionUtils.java:727)
	at org.junit.jupiter.engine.execution.MethodInvocation.proceed(MethodInvocation.java:60)
	at org.junit.jupiter.engine.execution.InvocationInterceptorChain$ValidatingInvocation.proceed(InvocationInterceptorChain.java:131)
	at org.junit.jupiter.engine.extension.TimeoutExtension.intercept(TimeoutExtension.java:156)
	at org.junit.jupiter.engine.extension.TimeoutExtension.interceptTestableMethod(TimeoutExtension.java:147)
	at org.junit.jupiter.engine.extension.TimeoutExtension.interceptTestMethod(TimeoutExtension.java:86)
	at org.junit.jupiter.engine.execution.InterceptingExecutableInvoker$ReflectiveInterceptorCall.lambda$ofVoidMethod$0(InterceptingExecutableInvoker.java:103)
	at org.junit.jupiter.engine.execution.InterceptingExecutableInvoker.lambda$invoke$0(InterceptingExecutableInvoker.java:93)
	at org.junit.jupiter.engine.execution.InvocationInterceptorChain$InterceptedInvocation.proceed(InvocationInterceptorChain.java:106)
	at org.junit.jupiter.engine.execution.InvocationInterceptorChain.proceed(InvocationInterceptorChain.java:64)
	at org.junit.jupiter.engine.execution.InvocationInterceptorChain.chainAndInvoke(InvocationInterceptorChain.java:45)
	at org.junit.jupiter.engine.execution.InvocationInterceptorChain.invoke(InvocationInterceptorChain.java:37)
	at org.junit.jupiter.engine.execution.InterceptingExecutableInvoker.invoke(InterceptingExecutableInvoker.java:92)
	at org.junit.jupiter.engine.execution.InterceptingExecutableInvoker.invoke(InterceptingExecutableInvoker.java:86)
	at org.junit.jupiter.engine.descriptor.TestMethodTestDescriptor.lambda$invokeTestMethod$7(TestMethodTestDescriptor.java:217)
	at org.junit.platform.engine.support.hierarchical.ThrowableCollector.execute(ThrowableCollector.java:73)
	at org.junit.jupiter.engine.descriptor.TestMethodTestDescriptor.invokeTestMethod(TestMethodTestDescriptor.java:213)
	at org.junit.jupiter.engine.descriptor.TestMethodTestDescriptor.execute(TestMethodTestDescriptor.java:138)
	at org.junit.jupiter.engine.descriptor.TestMethodTestDescriptor.execute(TestMethodTestDescriptor.java:68)
	at org.junit.platform.engine.support.hierarchical.NodeTestTask.lambda$executeRecursively$6(NodeTestTask.java:151)
	at org.junit.platform.engine.support.hierarchical.ThrowableCollector.execute(ThrowableCollector.java:73)
	at org.junit.platform.engine.support.hierarchical.NodeTestTask.lambda$executeRecursively$8(NodeTestTask.java:141)
	at org.junit.platform.engine.support.hierarchical.Node.around(Node.java:137)
	at org.junit.platform.engine.support.hierarchical.NodeTestTask.lambda$executeRecursively$9(NodeTestTask.java:139)
	at org.junit.platform.engine.support.hierarchical.ThrowableCollector.execute(ThrowableCollector.java:73)
	at org.junit.platform.engine.support.hierarchical.NodeTestTask.executeRecursively(NodeTestTask.java:138)
	at org.junit.platform.engine.support.hierarchical.NodeTestTask.execute(NodeTestTask.java:95)
	at java.base/java.util.ArrayList.forEach(ArrayList.java:1511)
	at org.junit.platform.engine.support.hierarchical.SameThreadHierarchicalTestExecutorService.invokeAll(SameThreadHierarchicalTestExecutorService.java:41)
	at org.junit.platform.engine.support.hierarchical.NodeTestTask.lambda$executeRecursively$6(NodeTestTask.java:155)
	at org.junit.platform.engine.support.hierarchical.ThrowableCollector.execute(ThrowableCollector.java:73)
	at org.junit.platform.engine.support.hierarchical.NodeTestTask.lambda$executeRecursively$8(NodeTestTask.java:141)
	at org.junit.platform.engine.support.hierarchical.Node.around(Node.java:137)
	at org.junit.platform.engine.support.hierarchical.NodeTestTask.lambda$executeRecursively$9(NodeTestTask.java:139)
	at org.junit.platform.engine.support.hierarchical.ThrowableCollector.execute(ThrowableCollector.java:73)
	at org.junit.platform.engine.support.hierarchical.NodeTestTask.executeRecursively(NodeTestTask.java:138)
	at org.junit.platform.engine.support.hierarchical.NodeTestTask.execute(NodeTestTask.java:95)
	at java.base/java.util.ArrayList.forEach(ArrayList.java:1511)
	at org.junit.platform.engine.support.hierarchical.SameThreadHierarchicalTestExecutorService.invokeAll(SameThreadHierarchicalTestExecutorService.java:41)
	at org.junit.platform.engine.support.hierarchical.NodeTestTask.lambda$executeRecursively$6(NodeTestTask.java:155)
	at org.junit.platform.engine.support.hierarchical.ThrowableCollector.execute(ThrowableCollector.java:73)
	at org.junit.platform.engine.support.hierarchical.NodeTestTask.lambda$executeRecursively$8(NodeTestTask.java:141)
	at org.junit.platform.engine.support.hierarchical.Node.around(Node.java:137)
	at org.junit.platform.engine.support.hierarchical.NodeTestTask.lambda$executeRecursively$9(NodeTestTask.java:139)
	at org.junit.platform.engine.support.hierarchical.ThrowableCollector.execute(ThrowableCollector.java:73)
	at org.junit.platform.engine.support.hierarchical.NodeTestTask.executeRecursively(NodeTestTask.java:138)
	at org.junit.platform.engine.support.hierarchical.NodeTestTask.execute(NodeTestTask.java:95)
	at org.junit.platform.engine.support.hierarchical.SameThreadHierarchicalTestExecutorService.submit(SameThreadHierarchicalTestExecutorService.java:35)
	at org.junit.platform.engine.support.hierarchical.HierarchicalTestExecutor.execute(HierarchicalTestExecutor.java:57)
	at org.junit.platform.engine.support.hierarchical.HierarchicalTestEngine.execute(HierarchicalTestEngine.java:54)
	at org.junit.platform.launcher.core.EngineExecutionOrchestrator.execute(EngineExecutionOrchestrator.java:147)
	at org.junit.platform.launcher.core.EngineExecutionOrchestrator.execute(EngineExecutionOrchestrator.java:127)
	at org.junit.platform.launcher.core.EngineExecutionOrchestrator.execute(EngineExecutionOrchestrator.java:90)
	at org.junit.platform.launcher.core.EngineExecutionOrchestrator.lambda$execute$0(EngineExecutionOrchestrator.java:55)
	at org.junit.platform.launcher.core.EngineExecutionOrchestrator.withInterceptedStreams(EngineExecutionOrchestrator.java:102)
	at org.junit.platform.launcher.core.EngineExecutionOrchestrator.execute(EngineExecutionOrchestrator.java:54)
	at org.junit.platform.launcher.core.DefaultLauncher.execute(DefaultLauncher.java:114)
	at org.junit.platform.launcher.core.DefaultLauncher.execute(DefaultLauncher.java:86)
	at org.junit.platform.launcher.core.DefaultLauncherSession$DelegatingLauncher.execute(DefaultLauncherSession.java:86)
	at org.apache.maven.surefire.junitplatform.LazyLauncher.execute(LazyLauncher.java:55)
	at org.apache.maven.surefire.junitplatform.JUnitPlatformProvider.execute(JUnitPlatformProvider.java:223)
	at org.apache.maven.surefire.junitplatform.JUnitPlatformProvider.invokeAllTests(JUnitPlatformProvider.java:175)
	at org.apache.maven.surefire.junitplatform.JUnitPlatformProvider.invoke(JUnitPlatformProvider.java:139)
	at org.apache.maven.surefire.booter.ForkedBooter.runSuitesInProcess(ForkedBooter.java:456)
	at org.apache.maven.surefire.booter.ForkedBooter.execute(ForkedBooter.java:169)
	at org.apache.maven.surefire.booter.ForkedBooter.run(ForkedBooter.java:595)
	at org.apache.maven.surefire.booter.ForkedBooter.main(ForkedBooter.java:581)
]]></failure>
  </testcase>
  <testcase name="testGetDocument2" classname="uz.market.uzum.controllers.DocumentControllerTest" time="0.004"/>
  <testcase name="testGetDocument3" classname="uz.market.uzum.controllers.DocumentControllerTest" time="0">
    <skipped message="TODO: Complete this test"/>
  </testcase>
  <testcase name="testGetDocument4" classname="uz.market.uzum.controllers.DocumentControllerTest" time="0.003"/>
</testsuite>